CREATE TABLE IF NOT EXISTS Users (
    id INTEGER PRIMARY KEY AUTOINCREMENT,
    username TEXT UNIQUE NOT NULL,
    password_hash TEXT NOT NULL,
    avatar_url TEXT,
    bio TEXT,
    follower_count INTEGER DEFAULT 0,
    credits REAL DEFAULT 0.0
  )

Users table ready.
Server running on port 3000
New client connected: BGmgt63Fyzb0F5A_AAAB
INSERT INTO Users (username, password_hash, avatar_url, bio, credits) VALUES ('streamer_verify', '$2b$10$3VYRmn44PSgi57YXwqDs0eQ7l'/*+28 bytes*/, NULL, 'I love streaming on Beacon!', 0.0)
Client disconnected: BGmgt63Fyzb0F5A_AAAB
SELECT id, username, avatar_url, bio, follower_count FROM Users WHERE username = 'streamer_verify'
SELECT credits FROM Users WHERE username = 'streamer_verify'
New client connected: eu3xUqtx_rTbKIvCAAAD
[Join] User streamer_verify joining stream streamer_verify
Socket eu3xUqtx_rTbKIvCAAAD (streamer_verify) joined stream streamer_verify
[Join] User streamer_verify joining stream streamer_verify
[Join] User streamer_verify joining stream streamer_verify
New client connected: V5Slcw5vyjhHdMaxAAAF
INSERT INTO Users (username, password_hash, avatar_url, bio, credits) VALUES ('viewer_verify', '$2b$10$OGQ71RnZ6qPsCzwfq3UP1e/Vg'/*+28 bytes*/, NULL, 'I love streaming on Beacon!', 0.0)
Client disconnected: V5Slcw5vyjhHdMaxAAAF
SELECT id, username, avatar_url, bio, follower_count FROM Users WHERE username = 'viewer_verify'
SELECT credits FROM Users WHERE username = 'viewer_verify'
New client connected: Y13UFzDHm_gdseLtAAAH
[Join] User Guest joining stream streamer_verify
Socket Y13UFzDHm_gdseLtAAAH (Guest) joined stream streamer_verify
[Mesh] Assigned Y13UFzDHm_gdseLtAAAH as child of eu3xUqtx_rTbKIvCAAAD in stream streamer_verify
[Join] User Guest joining stream streamer_verify
Socket Y13UFzDHm_gdseLtAAAH left stream streamer_verify
[Join] User viewer_verify joining stream streamer_verify
Socket Y13UFzDHm_gdseLtAAAH (viewer_verify) joined stream streamer_verify
[Mesh] Assigned Y13UFzDHm_gdseLtAAAH as child of eu3xUqtx_rTbKIvCAAAD in stream streamer_verify
[Join] User viewer_verify joining stream streamer_verify
[Join] User viewer_verify joining stream streamer_verify
Client disconnected: eu3xUqtx_rTbKIvCAAAD
Client disconnected: Y13UFzDHm_gdseLtAAAH
